2024-09-02 08:00:51,434 - INFO - 月經提醒發送成功！
2024-09-02 08:00:51,601 - INFO - 月經提醒發送成功！
2024-09-02 08:00:51,778 - INFO - 月經提醒發送成功！
2024-09-02 08:00:51,938 - INFO - 月經提醒發送成功！
2024-09-02 08:00:52,100 - INFO - 月經提醒發送成功！
2024-09-02 08:00:52,248 - INFO - 月經提醒發送成功！
2024-09-02 08:00:52,407 - INFO - 月經提醒發送成功！
2024-09-02 14:32:31,447 - INFO - 第一次提醒訊息發送成功！
2024-09-02 14:32:31,448 - INFO - 月經提醒已設定，將從 2024-09-20 開始，每天發送提醒共 7 天
2024-09-02 14:32:31,612 - INFO - 月經提醒發送成功！
2024-09-02 14:35:19,141 - INFO - 第一次提醒訊息發送成功！
2024-09-02 14:35:19,142 - INFO - 月經提醒已設定，將從 2024-09-20 開始，每天發送提醒共 7 天
2024-09-03 09:53:30,854 - INFO - 月經提醒發送成功！
2024-09-03 09:53:31,013 - INFO - 月經提醒發送成功！
2024-09-03 09:53:31,168 - INFO - 月經提醒發送成功！
2024-09-03 09:53:31,326 - INFO - 月經提醒發送成功！
2024-09-03 09:53:31,477 - INFO - 月經提醒發送成功！
2024-09-03 09:53:31,630 - INFO - 月經提醒發送成功！
2024-09-03 09:53:31,778 - INFO - 月經提醒發送成功！
2024-09-03 11:35:34,524 - INFO - 第一次提醒訊息發送成功！
2024-09-03 11:35:34,525 - INFO - 月經提醒已設定，將從 2024-09-20 開始，每天發送提醒共 7 天
2024-09-04 08:00:35,072 - INFO - 今天 2024-09-04 不在提醒範圍內 (2024-09-20 - 2024-09-27), 無需發送訊息
2024-09-05 08:00:36,990 - INFO - 今天 2024-09-05 不在提醒範圍內 (2024-09-20 - 2024-09-27), 無需發送訊息
2024-09-06 08:00:37,620 - INFO - 今天 2024-09-06 不在提醒範圍內 (2024-09-20 - 2024-09-27), 無需發送訊息
2024-09-07 08:00:38,288 - INFO - 今天 2024-09-07 不在提醒範圍內 (2024-09-20 - 2024-09-27), 無需發送訊息
2024-09-08 08:00:40,181 - INFO - 今天 2024-09-08 不在提醒範圍內 (2024-09-20 - 2024-09-27), 無需發送訊息
2024-09-09 08:00:40,788 - INFO - 今天 2024-09-09 不在提醒範圍內 (2024-09-20 - 2024-09-27), 無需發送訊息
2024-09-10 08:00:41,396 - INFO - 今天 2024-09-10 不在提醒範圍內 (2024-09-20 - 2024-09-27), 無需發送訊息
2024-09-10 20:33:15,770 - INFO - 第一次提醒訊息發送成功！
2024-09-10 20:33:15,773 - INFO - 月經提醒已設定，將從 2024-09-10 開始，每天發送提醒共 7 天
2024-09-10 20:34:15,998 - INFO - 月經提醒發送成功！於: 2024-09-10 20:34:15.998362
