2024-09-10 23:39:40,487 - INFO - 通知發送成功！
2024-09-10 23:39:40,488 - INFO - 第一次提醒訊息發送成功！
2024-09-10 23:39:40,499 - INFO - 已設定月經提醒時間: 08:00
2024-09-10 23:39:40,499 - INFO - 已設定月經提醒時間: 23:50
2024-09-10 23:39:40,499 - INFO - 月經提醒已設定，將從 2024-09-20 開始，每天發送提醒共 7 天
2024-09-10 23:50:40,916 - INFO - 今天 2024-09-10 不在提醒範圍內 (2024-09-20 - 2024-09-27), 無需發送訊息
2024-09-10 23:52:09,823 - INFO - 已設定月經提醒時間: 08:00
2024-09-10 23:52:09,824 - INFO - 已設定月經提醒時間: 23:50
2024-09-10 23:52:09,824 - INFO - 月經提醒已設定，將從 2023-09-20 開始，每天發送提醒共 7 天
2024-09-10 23:54:02,554 - INFO - 已設定月經提醒時間: 08:00
2024-09-10 23:54:02,554 - INFO - 已設定月經提醒時間: 23:50
2024-09-10 23:54:02,555 - INFO - 月經提醒已設定，將從 2023-09-20 開始，每天發送提醒共 7 天
2024-09-11 00:04:10,370 - INFO - 已設定月經提醒時間: 08:00
2024-09-11 00:04:10,370 - INFO - 已設定月經提醒時間: 23:50
2024-09-11 00:04:10,371 - INFO - 月經提醒已設定，將從 2023-09-20 開始，每天發送提醒共 7 天
2024-09-11 00:05:18,831 - INFO - 已設定月經提醒時間: 08:00
2024-09-11 00:05:18,831 - INFO - 已設定月經提醒時間: 23:50
2024-09-11 00:05:18,832 - INFO - 月經提醒已設定，將從 2023-09-20 開始，每天發送提醒共 7 天
2024-09-11 00:09:03,727 - INFO - 月經提醒已設定，將從 2023-09-20 開始，每天發送提醒共 7 天
2024-09-11 00:09:17,321 - INFO - 月經提醒已設定，將從 2023-09-20 開始，每天發送提醒共 7 天
2024-09-11 00:10:45,205 - INFO - 月經提醒已設定，將從 2023-09-20 開始，每天發送提醒共 7 天
2024-09-11 00:10:53,614 - INFO - 月經提醒已設定，將從 2023-09-20 開始，每天發送提醒共 7 天
2024-09-11 00:12:17,343 - INFO - 月經提醒已設定，將從 2023-09-20 開始，每天發送提醒共 7 天
2024-09-11 08:00:19,443 - INFO - 今天 2024-09-11 不在提醒範圍內 (2023-09-20 - 2023-09-27), 無需發送訊息
2024-09-11 17:59:16,654 - INFO - 月經提醒已設定，將從 2023-09-20 開始，每天發送提醒共 7 天
2024-09-11 18:28:47,397 - INFO - 月經提醒已設定，將從 2023-09-20 開始，每天發送提醒共 7 天
2024-09-11 18:30:13,753 - INFO - 月經提醒已設定，將從 2023-09-20 開始，每天發送提醒共 7 天
2024-09-11 18:30:37,459 - INFO - 月經提醒已設定，將從 2023-09-20 開始，每天發送提醒共 7 天
2024-09-11 18:31:50,794 - INFO - 月經提醒已設定，將從 2023-09-20 開始，每天發送提醒共 7 天
2024-09-11 18:32:01,515 - INFO - 月經提醒已設定，將從 2023-09-20 開始，每天發送提醒共 7 天
2024-09-11 18:39:10,633 - INFO - 月經提醒已設定，將從 2023-09-20 開始，每天發送提醒共 7 天
2024-09-11 18:51:33,782 - INFO - 月經提醒已設定，將從 2023-09-20 開始，每天發送提醒共 7 天
2024-09-11 18:53:28,227 - INFO - 月經提醒已設定，將從 2023-09-20 開始，每天發送提醒共 7 天
2024-09-11 18:58:49,486 - INFO - 月經提醒已設定，將從 2023-09-20 開始，每天發送提醒共 7 天
2024-09-11 19:48:52,635 - INFO - 月經提醒已設定，將從 2023-09-20 開始，每天發送提醒共 7 天
2024-09-11 19:50:47,560 - INFO - 月經提醒已設定，將從 2023-09-20 開始，每天發送提醒共 7 天
2024-09-11 19:52:47,981 - INFO - 月經提醒已設定，將從 2023-09-20 開始，每天發送提醒共 7 天
2024-09-11 19:54:54,879 - INFO - 月經提醒已設定，將從 2023-09-20 開始，每天發送提醒共 7 天
2024-09-11 19:56:00,565 - INFO - 月經提醒已設定，將從 2023-09-20 開始，每天發送提醒共 7 天
2024-09-11 19:58:19,413 - INFO - 月經提醒已設定，將從 2023-09-20 開始，每天發送提醒共 7 天
2024-09-11 23:59:29,555 - INFO - 月經提醒已設定，將從 2023-09-20 開始，每天發送提醒共 7 天
2024-09-12 10:26:46,114 - INFO - 月經提醒已設定，將從 2023-09-20 開始，每天發送提醒共 7 天
2024-09-12 23:50:47,740 - INFO - 今天 2024-09-12 不在提醒範圍內 (2023-09-20 - 2023-09-27), 無需發送訊息
2024-09-13 08:00:48,221 - INFO - 今天 2024-09-13 不在提醒範圍內 (2023-09-20 - 2023-09-27), 無需發送訊息
2024-09-13 23:50:50,026 - INFO - 今天 2024-09-13 不在提醒範圍內 (2023-09-20 - 2023-09-27), 無需發送訊息
2024-09-14 08:00:51,912 - INFO - 今天 2024-09-14 不在提醒範圍內 (2023-09-20 - 2023-09-27), 無需發送訊息
2024-09-14 23:50:53,578 - INFO - 今天 2024-09-14 不在提醒範圍內 (2023-09-20 - 2023-09-27), 無需發送訊息
2024-09-15 08:00:54,150 - INFO - 今天 2024-09-15 不在提醒範圍內 (2023-09-20 - 2023-09-27), 無需發送訊息
2024-09-15 23:50:55,746 - INFO - 今天 2024-09-15 不在提醒範圍內 (2023-09-20 - 2023-09-27), 無需發送訊息
2024-09-16 08:00:57,823 - INFO - 今天 2024-09-16 不在提醒範圍內 (2023-09-20 - 2023-09-27), 無需發送訊息
2024-09-16 11:12:45,241 - INFO - 月經提醒已設定，將從 2023-09-20 開始，每天發送提醒共 7 天
2024-09-16 23:50:47,680 - INFO - 今天 2024-09-16 不在提醒範圍內 (2023-09-20 - 2023-09-27), 無需發送訊息
2024-09-17 08:00:48,105 - INFO - 今天 2024-09-17 不在提醒範圍內 (2023-09-20 - 2023-09-27), 無需發送訊息
2024-09-17 23:50:50,064 - INFO - 今天 2024-09-17 不在提醒範圍內 (2023-09-20 - 2023-09-27), 無需發送訊息
2024-09-18 08:00:52,063 - INFO - 今天 2024-09-18 不在提醒範圍內 (2023-09-20 - 2023-09-27), 無需發送訊息
2024-09-18 23:50:54,017 - INFO - 今天 2024-09-18 不在提醒範圍內 (2023-09-20 - 2023-09-27), 無需發送訊息
2024-09-19 08:00:54,613 - INFO - 今天 2024-09-19 不在提醒範圍內 (2023-09-20 - 2023-09-27), 無需發送訊息
2024-09-19 23:50:58,525 - INFO - 今天 2024-09-19 不在提醒範圍內 (2023-09-20 - 2023-09-27), 無需發送訊息
2024-09-20 08:00:59,052 - INFO - 今天 2024-09-20 不在提醒範圍內 (2023-09-20 - 2023-09-27), 無需發送訊息
2024-09-20 11:32:06,374 - INFO - 月經提醒已設定，將從 2024-09-20 開始，每天發送提醒共 7 天
2024-09-20 23:50:10,426 - INFO - 通知發送成功！
2024-09-20 23:50:10,427 - INFO - 月經提醒發送成功！於: 2024-09-20 23:50:10.426573
2024-09-21 20:26:06,929 - INFO - 月經提醒已設定，將從 2024-09-20 開始，每天發送提醒共 7 天
2024-09-22 01:18:08,026 - INFO - 月經提醒已設定，將從 2024-09-20 開始，每天發送提醒共 7 天
2024-09-22 13:08:50,509 - INFO - 通知發送成功！
2024-09-22 13:08:50,509 - INFO - 月經提醒發送成功！於: 2024-09-22 13:08:50.509866
2024-09-22 23:50:53,181 - INFO - 通知發送成功！
2024-09-22 23:50:53,184 - INFO - 月經提醒發送成功！於: 2024-09-22 23:50:53.184938
2024-09-23 10:36:35,497 - INFO - 通知發送成功！
2024-09-23 10:36:35,498 - INFO - 月經提醒發送成功！於: 2024-09-23 10:36:35.498385
2024-09-23 23:57:15,921 - INFO - 月經提醒已設定，將從 2024-09-20 開始，每天發送提醒共 7 天
2024-09-24 15:24:19,937 - INFO - 通知發送成功！
2024-09-24 15:24:19,938 - INFO - 月經提醒發送成功！於: 2024-09-24 15:24:19.938023
2024-09-24 23:50:10,286 - INFO - 通知發送成功！
2024-09-24 23:50:10,294 - INFO - 月經提醒發送成功！於: 2024-09-24 23:50:10.294789
2024-09-25 08:00:13,280 - INFO - 通知發送成功！
2024-09-25 08:00:13,282 - INFO - 月經提醒發送成功！於: 2024-09-25 08:00:13.281524
2024-09-25 23:50:15,334 - INFO - 通知發送成功！
2024-09-25 23:50:15,341 - INFO - 月經提醒發送成功！於: 2024-09-25 23:50:15.340548
2024-09-26 08:00:16,482 - INFO - 通知發送成功！
2024-09-26 08:00:16,487 - INFO - 月經提醒發送成功！於: 2024-09-26 08:00:16.486477
2024-09-26 23:50:18,360 - INFO - 通知發送成功！
2024-09-26 23:50:18,361 - INFO - 月經提醒發送成功！於: 2024-09-26 23:50:18.361389
2024-09-27 08:00:20,582 - INFO - 通知發送成功！
2024-09-27 08:00:20,584 - INFO - 月經提醒發送成功！於: 2024-09-27 08:00:20.584306
2024-09-27 20:09:00,091 - INFO - 月經提醒已設定，將從 2024-09-20 開始，每天發送提醒共 7 天
2024-09-27 20:17:00,713 - INFO - 月經提醒已設定，將從 2024-09-20 開始，每天發送提醒共 7 天
2024-09-27 23:50:01,360 - INFO - 通知發送成功！
2024-09-27 23:50:01,363 - INFO - 月經提醒發送成功！於: 2024-09-27 23:50:01.363096
2024-09-28 11:29:44,050 - INFO - 今天 2024-09-28 不在提醒範圍內 (2024-09-20 - 2024-09-27), 無需發送訊息
2024-09-28 23:11:22,883 - INFO - 月經提醒已設定，將從 2024-09-20 開始，每天發送提醒共 7 天
2024-09-28 23:50:22,903 - INFO - 今天 2024-09-28 不在提醒範圍內 (2024-09-20 - 2024-09-27), 無需發送訊息
2024-09-29 08:00:23,794 - INFO - 今天 2024-09-29 不在提醒範圍內 (2024-09-20 - 2024-09-27), 無需發送訊息
2024-09-29 23:50:24,913 - INFO - 今天 2024-09-29 不在提醒範圍內 (2024-09-20 - 2024-09-27), 無需發送訊息
2024-09-30 00:00:18,315 - INFO - 月經提醒已設定，將從 2024-09-20 開始，每天發送提醒共 7 天
2024-09-30 00:01:59,705 - INFO - 月經提醒已設定，將從 2024-09-20 開始，每天發送提醒共 7 天
