2024-09-10 20:11:46,792 - INFO - 通知發送成功！
2024-09-10 20:54:31,770 - INFO - 通知發送成功！
2024-09-10 21:14:17,553 - INFO - 通知發送成功！
2024-09-10 23:39:40,494 - INFO - 已設定天氣預報提醒時間: 08:00
2024-09-10 23:39:40,494 - INFO - 已設定天氣預報提醒時間: 23:50
2024-09-10 23:39:40,665 - INFO - 通知發送成功！
2024-09-10 23:50:40,915 - INFO - 通知發送成功！
2024-09-10 23:52:09,821 - INFO - 已設定天氣預報提醒時間: 08:00
2024-09-10 23:52:09,822 - INFO - 已設定天氣預報提醒時間: 23:50
2024-09-10 23:52:10,009 - INFO - 通知發送成功！
2024-09-10 23:54:02,552 - INFO - 已設定天氣預報提醒時間: 08:00
2024-09-10 23:54:02,552 - INFO - 已設定天氣預報提醒時間: 23:50
2024-09-10 23:54:02,722 - INFO - 通知發送成功！
2024-09-11 00:04:10,367 - INFO - 已設定天氣預報提醒時間: 08:00
2024-09-11 00:04:10,368 - INFO - 已設定天氣預報提醒時間: 23:50
2024-09-11 00:04:10,580 - INFO - 通知發送成功！
2024-09-11 00:05:18,829 - INFO - 已設定天氣預報提醒時間: 08:00
2024-09-11 00:05:18,829 - INFO - 已設定天氣預報提醒時間: 23:50
2024-09-11 00:05:19,025 - INFO - 通知發送成功！
2024-09-11 00:09:03,725 - INFO - 已設定天氣預報提醒時間: 08:00
2024-09-11 00:09:03,725 - INFO - 已設定天氣預報提醒時間: 23:50
2024-09-11 00:09:03,926 - INFO - 通知發送成功！
2024-09-11 00:09:17,319 - INFO - 已設定天氣預報提醒時間: 08:00
2024-09-11 00:09:17,319 - INFO - 已設定天氣預報提醒時間: 23:50
2024-09-11 00:09:17,483 - INFO - 通知發送成功！
2024-09-11 00:10:45,202 - INFO - 已設定天氣預報提醒時間: 08:00
2024-09-11 00:10:45,203 - INFO - 已設定天氣預報提醒時間: 23:50
2024-09-11 00:10:45,396 - INFO - 通知發送成功！
2024-09-11 00:10:53,612 - INFO - 已設定天氣預報提醒時間: 08:00
2024-09-11 00:10:53,612 - INFO - 已設定天氣預報提醒時間: 23:50
2024-09-11 00:10:53,871 - INFO - 通知發送成功！
2024-09-11 00:12:17,341 - INFO - 已設定天氣預報提醒時間: 08:00
2024-09-11 00:12:17,341 - INFO - 已設定天氣預報提醒時間: 23:50
2024-09-11 00:12:17,539 - INFO - 通知發送成功！
2024-09-11 08:00:19,442 - INFO - 通知發送成功！
2024-09-11 17:59:16,651 - INFO - 已設定天氣預報提醒時間: 08:00
2024-09-11 17:59:16,652 - INFO - 已設定天氣預報提醒時間: 23:50
2024-09-11 17:59:16,860 - INFO - 通知發送成功！
2024-09-11 18:28:47,394 - INFO - 已設定天氣預報提醒時間: 08:00
2024-09-11 18:28:47,395 - INFO - 已設定天氣預報提醒時間: 23:50
2024-09-11 18:28:47,612 - INFO - 通知發送成功！
2024-09-11 18:30:13,751 - INFO - 已設定天氣預報提醒時間: 08:00
2024-09-11 18:30:13,751 - INFO - 已設定天氣預報提醒時間: 23:50
2024-09-11 18:30:13,981 - INFO - 通知發送成功！
2024-09-11 18:30:37,457 - INFO - 已設定天氣預報提醒時間: 08:00
2024-09-11 18:30:37,458 - INFO - 已設定天氣預報提醒時間: 23:50
2024-09-11 18:30:37,949 - INFO - 通知發送成功！
2024-09-11 18:31:50,792 - INFO - 已設定天氣預報提醒時間: 08:00
2024-09-11 18:31:50,792 - INFO - 已設定天氣預報提醒時間: 23:50
2024-09-11 18:31:50,993 - INFO - 通知發送成功！
2024-09-11 18:32:01,513 - INFO - 已設定天氣預報提醒時間: 08:00
2024-09-11 18:32:01,513 - INFO - 已設定天氣預報提醒時間: 23:50
2024-09-11 18:32:01,678 - INFO - 通知發送成功！
2024-09-11 18:39:10,631 - INFO - 已設定天氣預報提醒時間: 08:00
2024-09-11 18:39:10,631 - INFO - 已設定天氣預報提醒時間: 23:50
2024-09-11 18:39:10,856 - INFO - 通知發送成功！
2024-09-11 18:51:33,780 - INFO - 已設定天氣預報提醒時間: 08:00
2024-09-11 18:51:33,780 - INFO - 已設定天氣預報提醒時間: 23:50
2024-09-11 18:51:33,959 - INFO - 通知發送成功！
2024-09-11 18:53:28,225 - INFO - 已設定天氣預報提醒時間: 08:00
2024-09-11 18:53:28,225 - INFO - 已設定天氣預報提醒時間: 23:50
2024-09-11 18:53:28,397 - INFO - 通知發送成功！
2024-09-11 18:58:49,484 - INFO - 已設定天氣預報提醒時間: 08:00
2024-09-11 18:58:49,485 - INFO - 已設定天氣預報提醒時間: 23:50
2024-09-11 18:58:49,682 - INFO - 通知發送成功！
2024-09-11 19:08:51,759 - WARNING - 沒有獲取到任何天氣資料。
2024-09-11 19:18:53,750 - WARNING - 沒有獲取到任何天氣資料。
2024-09-11 19:28:55,751 - WARNING - 沒有獲取到任何天氣資料。
2024-09-11 19:38:57,693 - WARNING - 沒有獲取到任何天氣資料。
2024-09-11 19:48:52,632 - INFO - 已設定天氣預報提醒時間: 08:00
2024-09-11 19:48:52,633 - INFO - 已設定天氣預報提醒時間: 23:50
2024-09-11 19:48:52,893 - INFO - 通知發送成功！
2024-09-11 19:50:47,558 - INFO - 已設定天氣預報提醒時間: 08:00
2024-09-11 19:50:47,558 - INFO - 已設定天氣預報提醒時間: 23:50
2024-09-11 19:50:47,760 - INFO - 通知發送成功！
2024-09-11 19:52:47,978 - INFO - 已設定天氣預報提醒時間: 08:00
2024-09-11 19:52:47,979 - INFO - 已設定天氣預報提醒時間: 23:50
2024-09-11 19:52:48,187 - INFO - 通知發送成功！
2024-09-11 19:54:54,877 - INFO - 已設定天氣預報提醒時間: 08:00
2024-09-11 19:54:54,877 - INFO - 已設定天氣預報提醒時間: 23:50
2024-09-11 19:54:55,087 - INFO - 通知發送成功！
2024-09-11 19:56:00,564 - INFO - 已設定天氣預報提醒時間: 08:00
2024-09-11 19:56:00,564 - INFO - 已設定天氣預報提醒時間: 23:50
2024-09-11 19:56:00,744 - INFO - 通知發送成功！
2024-09-11 19:58:19,411 - INFO - 已設定天氣預報提醒時間: 08:00
2024-09-11 19:58:19,411 - INFO - 已設定天氣預報提醒時間: 23:50
2024-09-11 19:58:19,613 - INFO - 通知發送成功！
2024-09-11 23:59:29,553 - INFO - 已設定天氣預報提醒時間: 08:00
2024-09-11 23:59:29,553 - INFO - 已設定天氣預報提醒時間: 23:50
2024-09-11 23:59:29,716 - INFO - 通知發送成功！
2024-09-12 10:26:46,112 - INFO - 已設定天氣預報提醒時間: 08:00
2024-09-12 10:26:46,112 - INFO - 已設定天氣預報提醒時間: 23:50
2024-09-12 10:26:46,318 - INFO - 通知發送成功！
2024-09-12 23:50:47,737 - INFO - 通知發送成功！
2024-09-13 08:00:48,219 - INFO - 通知發送成功！
2024-09-13 23:50:50,021 - INFO - 通知發送成功！
2024-09-14 08:00:51,911 - INFO - 通知發送成功！
2024-09-14 23:50:53,577 - INFO - 通知發送成功！
2024-09-15 08:00:54,149 - INFO - 通知發送成功！
2024-09-15 23:50:55,745 - INFO - 通知發送成功！
2024-09-16 08:00:57,822 - INFO - 通知發送成功！
2024-09-16 11:12:45,238 - INFO - 已設定天氣預報提醒時間: 08:00
2024-09-16 11:12:45,238 - INFO - 已設定天氣預報提醒時間: 23:50
2024-09-16 11:12:45,238 - INFO - 已設定天氣預報提醒時間: 12:30
2024-09-16 11:12:45,438 - INFO - 通知發送成功！
2024-09-16 12:30:45,946 - INFO - 通知發送成功！
2024-09-16 23:50:47,668 - INFO - 通知發送成功！
2024-09-17 08:00:48,105 - INFO - 通知發送成功！
2024-09-17 12:30:48,943 - INFO - 通知發送成功！
2024-09-17 23:50:50,064 - INFO - 通知發送成功！
2024-09-18 08:00:52,062 - INFO - 通知發送成功！
2024-09-18 12:30:52,829 - INFO - 通知發送成功！
2024-09-18 23:50:54,013 - INFO - 通知發送成功！
2024-09-19 08:00:54,612 - INFO - 通知發送成功！
2024-09-19 12:30:56,318 - INFO - 通知發送成功！
2024-09-19 23:50:58,521 - INFO - 通知發送成功！
2024-09-20 08:00:59,051 - INFO - 通知發送成功！
2024-09-20 11:32:06,372 - INFO - 已設定天氣預報提醒時間: 07:30
2024-09-20 11:32:06,372 - INFO - 已設定天氣預報提醒時間: 12:30
2024-09-20 11:32:06,372 - INFO - 已設定天氣預報提醒時間: 23:50
2024-09-20 11:32:06,572 - INFO - 通知發送成功！
2024-09-20 12:30:07,107 - INFO - 通知發送成功！
2024-09-20 23:50:10,272 - INFO - 通知發送成功！
2024-09-21 20:26:06,927 - INFO - 已設定天氣預報提醒時間: 08:00
2024-09-21 20:26:06,927 - INFO - 已設定天氣預報提醒時間: 12:30
2024-09-21 20:26:06,928 - INFO - 已設定天氣預報提醒時間: 23:50
2024-09-21 20:26:07,363 - INFO - 通知發送成功！
2024-09-22 01:18:08,023 - INFO - 已設定天氣預報提醒時間: 08:00
2024-09-22 01:18:08,023 - INFO - 已設定天氣預報提醒時間: 12:30
2024-09-22 01:18:08,023 - INFO - 已設定天氣預報提醒時間: 23:50
2024-09-22 13:08:50,333 - INFO - 通知發送成功！
2024-09-22 13:08:51,407 - INFO - 通知發送成功！
2024-09-22 23:50:53,000 - INFO - 通知發送成功！
2024-09-23 10:36:35,302 - INFO - 通知發送成功！
2024-09-23 23:57:15,918 - INFO - 已設定天氣預報提醒時間: 08:00
2024-09-23 23:57:15,918 - INFO - 已設定天氣預報提醒時間: 12:30
2024-09-23 23:57:15,919 - INFO - 已設定天氣預報提醒時間: 23:58
2024-09-23 23:58:16,827 - INFO - 通知發送成功！
2024-09-24 15:24:19,100 - INFO - 通知發送成功！
2024-09-24 15:24:26,643 - INFO - 通知發送成功！
2024-09-24 23:58:10,632 - INFO - 通知發送成功！
2024-09-25 08:00:13,124 - INFO - 通知發送成功！
2024-09-25 12:30:14,131 - INFO - 通知發送成功！
2024-09-25 23:58:15,611 - INFO - 通知發送成功！
2024-09-26 08:00:16,300 - INFO - 通知發送成功！
2024-09-26 12:30:17,282 - INFO - 通知發送成功！
2024-09-26 23:58:18,672 - INFO - 通知發送成功！
2024-09-27 08:00:20,408 - INFO - 通知發送成功！
2024-09-27 12:30:21,320 - INFO - 通知發送成功！
2024-09-27 20:09:00,090 - INFO - 已設定天氣預報提醒時間: 07:30
2024-09-27 20:09:00,090 - INFO - 已設定天氣預報提醒時間: 12:30
2024-09-27 20:09:00,090 - INFO - 已設定天氣預報提醒時間: 23:50
2024-09-27 20:17:00,711 - INFO - 已設定天氣預報提醒時間: 07:30
2024-09-27 20:17:00,711 - INFO - 已設定天氣預報提醒時間: 12:30
2024-09-27 20:17:00,711 - INFO - 已設定天氣預報提醒時間: 23:50
2024-09-27 20:17:00,711 - INFO - 今天是 Friday，設定的提醒時間為: ['07:30', '12:30', '23:50']
2024-09-27 23:50:01,182 - INFO - 通知發送成功！
2024-09-28 11:29:44,037 - INFO - 通知發送成功！
2024-09-28 12:30:46,602 - INFO - 通知發送成功！
2024-09-28 23:11:22,881 - INFO - 已設定天氣預報提醒時間: 08:00
2024-09-28 23:11:22,881 - INFO - 已設定天氣預報提醒時間: 12:30
2024-09-28 23:11:22,882 - INFO - 已設定天氣預報提醒時間: 23:58
2024-09-28 23:11:22,882 - INFO - 今天是 Saturday，設定的提醒時間為: ['08:00', '12:30', '23:58']
2024-09-28 23:58:23,231 - INFO - 通知發送成功！
2024-09-29 08:00:23,790 - INFO - 通知發送成功！
2024-09-29 12:30:24,194 - INFO - 通知發送成功！
2024-09-29 23:58:25,194 - INFO - 通知發送成功！
2024-09-30 00:00:18,312 - INFO - 已設定天氣預報提醒時間: 08:00
2024-09-30 00:00:18,313 - INFO - 已設定天氣預報提醒時間: 12:30
2024-09-30 00:00:18,313 - INFO - 已設定天氣預報提醒時間: 00:01
2024-09-30 00:00:18,313 - INFO - 今天是 Monday，設定的提醒時間為: ['08:00', '12:30', '00:01']
2024-09-30 00:01:18,540 - INFO - 通知發送成功！
2024-09-30 00:01:59,703 - INFO - 已設定天氣預報提醒時間: 08:00
2024-09-30 00:01:59,704 - INFO - 已設定天氣預報提醒時間: 12:30
2024-09-30 00:01:59,704 - INFO - 已設定天氣預報提醒時間: 23:50
2024-09-30 00:01:59,704 - INFO - 今天是 Monday，設定的提醒時間為: ['08:00', '12:30', '23:50']
